<?xml version="1.0" encoding="UTF-8"?>
<testsuite xmlns:xsi="http://www.w3.org/2001/XMLSchema-instance" xsi:noNamespaceSchemaLocation="https://maven.apache.org/surefire/maven-surefire-plugin/xsd/surefire-test-report.xsd" name="samuel.mortha.SwitchIntDemoTest" time="0.002" tests="3" errors="0" skipped="0" failures="0">
  <properties>
[...]
</properties>
  <testcase name="switchTestWithInt1" classname="samuel.mortha.SwitchIntDemoTest" time="0.001"/>
  <testcase name="switchTestWithInt2" classname="samuel.mortha.SwitchIntDemoTest" time="0"/>
  <testcase name="switchTestWithInt3" classname="samuel.mortha.SwitchIntDemoTest" time="0.001"/>
</testsuite>